# JRE version: Java(TM) SE Runtime Environment (8.0_45-b15) (build 1.8.0_45-b15)
# Java VM: Java HotSpot(TM) 64-Bit Server VM (25.45-b02 mixed mode windows-amd64 compressed oops)
Heap:
 PSYoungGen      total 232960K, used 52769K [0x00000000eab00000, 0x0000000100000000, 0x0000000100000000)
  eden space 116736K, 45% used [0x00000000eab00000,0x00000000ede88548,0x00000000f1d00000)
  from space 116224K, 0% used [0x00000000f1d00000,0x00000000f1d00000,0x00000000f8e80000)
  to   space 116224K, 0% used [0x00000000f8e80000,0x00000000f8e80000,0x0000000100000000)
 ParOldGen       total 338432K, used 179280K [0x00000000c0000000, 0x00000000d4a80000, 0x00000000eab00000)
  object space 338432K, 52% used [0x00000000c0000000,0x00000000caf141b8,0x00000000d4a80000)
 Metaspace       used 6790K, capacity 7576K, committed 7936K, reserved 1056768K
  class space    used 625K, capacity 656K, committed 768K, reserved 1048576K
GC Heap History (10 events):
Event: 74.738 GC heap before
{Heap before GC invocations=15 (full 5):
 PSYoungGen      total 230400K, used 174080K [0x00000000eab00000, 0x0000000100000000, 0x0000000100000000)
  eden space 174080K, 100% used [0x00000000eab00000,0x00000000f5500000,0x00000000f5500000)
  from space 56320K, 0% used [0x00000000fc900000,0x00000000fc900000,0x0000000100000000)
  to   space 87552K, 0% used [0x00000000f5500000,0x00000000f5500000,0x00000000faa80000)
 ParOldGen       total 155648K, used 149827K [0x00000000c0000000, 0x00000000c9800000, 0x00000000eab00000)
  object space 155648K, 96% used [0x00000000c0000000,0x00000000c9250e48,0x00000000c9800000)
 Metaspace       used 6379K, capacity 7224K, committed 7296K, reserved 1056768K
  class space    used 608K, capacity 624K, committed 640K, reserved 1048576K
Event: 77.179 GC heap after
Heap after GC invocations=15 (full 5):
 PSYoungGen      total 230400K, used 23053K [0x00000000eab00000, 0x0000000100000000, 0x0000000100000000)
  eden space 174080K, 13% used [0x00000000eab00000,0x00000000ec1834e0,0x00000000f5500000)
  from space 56320K, 0% used [0x00000000fc900000,0x00000000fc900000,0x0000000100000000)
  to   space 87552K, 0% used [0x00000000f5500000,0x00000000f5500000,0x00000000faa80000)
 ParOldGen       total 274432K, used 155442K [0x00000000c0000000, 0x00000000d0c00000, 0x00000000eab00000)
  object space 274432K, 56% used [0x00000000c0000000,0x00000000c97ccb38,0x00000000d0c00000)
 Metaspace       used 6379K, capacity 7224K, committed 7296K, reserved 1056768K
  class space    used 608K, capacity 624K, committed 640K, reserved 1048576K
}
Event: 80.261 GC heap before
{Heap before GC invocations=16 (full 5):
 PSYoungGen      total 230400K, used 174080K [0x00000000eab00000, 0x0000000100000000, 0x0000000100000000)
  eden space 174080K, 100% used [0x00000000eab00000,0x00000000f5500000,0x00000000f5500000)
  from space 56320K, 0% used [0x00000000fc900000,0x00000000fc900000,0x0000000100000000)
  to   space 87552K, 0% used [0x00000000f5500000,0x00000000f5500000,0x00000000faa80000)
 ParOldGen       total 274432K, used 155442K [0x00000000c0000000, 0x00000000d0c00000, 0x00000000eab00000)
  object space 274432K, 56% used [0x00000000c0000000,0x00000000c97ccb38,0x00000000d0c00000)
 Metaspace       used 6379K, capacity 7224K, committed 7296K, reserved 1056768K
  class space    used 608K, capacity 624K, committed 640K, reserved 1048576K
Event: 81.234 GC heap after
Heap after GC invocations=16 (full 5):
 PSYoungGen      total 259072K, used 84623K [0x00000000eab00000, 0x0000000100000000, 0x0000000100000000)
  eden space 174080K, 0% used [0x00000000eab00000,0x00000000eab00000,0x00000000f5500000)
  from space 84992K, 99% used [0x00000000f5500000,0x00000000fa7a3c30,0x00000000fa800000)
  to   space 90112K, 0% used [0x00000000fa800000,0x00000000fa800000,0x0000000100000000)
 ParOldGen       total 274432K, used 155442K [0x00000000c0000000, 0x00000000d0c00000, 0x00000000eab00000)
  object space 274432K, 56% used [0x00000000c0000000,0x00000000c97ccb38,0x00000000d0c00000)
 Metaspace       used 6379K, capacity 7224K, committed 7296K, reserved 1056768K
  class space    used 608K, capacity 624K, committed 640K, reserved 1048576K
}
Event: 82.246 GC heap before
{Heap before GC invocations=17 (full 5):
 PSYoungGen      total 259072K, used 258703K [0x00000000eab00000, 0x0000000100000000, 0x0000000100000000)
  eden space 174080K, 100% used [0x00000000eab00000,0x00000000f5500000,0x00000000f5500000)
  from space 84992K, 99% used [0x00000000f5500000,0x00000000fa7a3c30,0x00000000fa800000)
  to   space 90112K, 0% used [0x00000000fa800000,0x00000000fa800000,0x0000000100000000)
 ParOldGen       total 274432K, used 155442K [0x00000000c0000000, 0x00000000d0c00000, 0x00000000eab00000)
  object space 274432K, 56% used [0x00000000c0000000,0x00000000c97ccb38,0x00000000d0c00000)
 Metaspace       used 6379K, capacity 7224K, committed 7296K, reserved 1056768K
  class space    used 608K, capacity 624K, committed 640K, reserved 1048576K
Event: 83.681 GC heap after
Heap after GC invocations=17 (full 5):
 PSYoungGen      total 206848K, used 90096K [0x00000000eab00000, 0x0000000100000000, 0x0000000100000000)
  eden space 116736K, 0% used [0x00000000eab00000,0x00000000eab00000,0x00000000f1d00000)
  from space 90112K, 99% used [0x00000000fa800000,0x00000000ffffc050,0x0000000100000000)
  to   space 116224K, 0% used [0x00000000f1d00000,0x00000000f1d00000,0x00000000f8e80000)
 ParOldGen       total 274432K, used 179400K [0x00000000c0000000, 0x00000000d0c00000, 0x00000000eab00000)
  object space 274432K, 65% used [0x00000000c0000000,0x00000000caf32398,0x00000000d0c00000)
 Metaspace       used 6379K, capacity 7224K, committed 7296K, reserved 1056768K
  class space    used 608K, capacity 624K, committed 640K, reserved 1048576K
}
Event: 84.192 GC heap before
{Heap before GC invocations=18 (full 5):
 PSYoungGen      total 206848K, used 206832K [0x00000000eab00000, 0x0000000100000000, 0x0000000100000000)
  eden space 116736K, 100% used [0x00000000eab00000,0x00000000f1d00000,0x00000000f1d00000)
  from space 90112K, 99% used [0x00000000fa800000,0x00000000ffffc050,0x0000000100000000)
  to   space 116224K, 0% used [0x00000000f1d00000,0x00000000f1d00000,0x00000000f8e80000)
 ParOldGen       total 274432K, used 179400K [0x00000000c0000000, 0x00000000d0c00000, 0x00000000eab00000)
  object space 274432K, 65% used [0x00000000c0000000,0x00000000caf32398,0x00000000d0c00000)
 Metaspace       used 6379K, capacity 7224K, committed 7296K, reserved 1056768K
  class space    used 608K, capacity 624K, committed 640K, reserved 1048576K
Event: 85.373 GC heap after
Heap after GC invocations=18 (full 5):
 PSYoungGen      total 232960K, used 44699K [0x00000000eab00000, 0x0000000100000000, 0x0000000100000000)
  eden space 116736K, 0% used [0x00000000eab00000,0x00000000eab00000,0x00000000f1d00000)
  from space 116224K, 38% used [0x00000000f1d00000,0x00000000f48a6d88,0x00000000f8e80000)
  to   space 116224K, 0% used [0x00000000f8e80000,0x00000000f8e80000,0x0000000100000000)
 ParOldGen       total 274432K, used 267644K [0x00000000c0000000, 0x00000000d0c00000, 0x00000000eab00000)
  object space 274432K, 97% used [0x00000000c0000000,0x00000000d055f070,0x00000000d0c00000)
 Metaspace       used 6379K, capacity 7224K, committed 7296K, reserved 1056768K
  class space    used 608K, capacity 624K, committed 640K, reserved 1048576K
}
Event: 85.373 GC heap before
{Heap before GC invocations=19 (full 6):
 PSYoungGen      total 232960K, used 44699K [0x00000000eab00000, 0x0000000100000000, 0x0000000100000000)
  eden space 116736K, 0% used [0x00000000eab00000,0x00000000eab00000,0x00000000f1d00000)
  from space 116224K, 38% used [0x00000000f1d00000,0x00000000f48a6d88,0x00000000f8e80000)
  to   space 116224K, 0% used [0x00000000f8e80000,0x00000000f8e80000,0x0000000100000000)
 ParOldGen       total 274432K, used 267644K [0x00000000c0000000, 0x00000000d0c00000, 0x00000000eab00000)
  object space 274432K, 97% used [0x00000000c0000000,0x00000000d055f070,0x00000000d0c00000)
 Metaspace       used 6379K, capacity 7224K, committed 7296K, reserved 1056768K
  class space    used 608K, capacity 624K, committed 640K, reserved 1048576K
Event: 88.953 GC heap after
Heap after GC invocations=19 (full 6):
 PSYoungGen      total 232960K, used 0K [0x00000000eab00000, 0x0000000100000000, 0x0000000100000000)
  eden space 116736K, 0% used [0x00000000eab00000,0x00000000eab00000,0x00000000f1d00000)
  from space 116224K, 0% used [0x00000000f1d00000,0x00000000f1d00000,0x00000000f8e80000)
  to   space 116224K, 0% used [0x00000000f8e80000,0x00000000f8e80000,0x0000000100000000)
 ParOldGen       total 338432K, used 179280K [0x00000000c0000000, 0x00000000d4a80000, 0x00000000eab00000)
  object space 338432K, 52% used [0x00000000c0000000,0x00000000caf141b8,0x00000000d4a80000)
 Metaspace       used 6379K, capacity 7224K, committed 7296K, reserved 1056768K
  class space    used 608K, capacity 624K, committed 640K, reserved 1048576K
}

